
==== scan start 2026-06-29 09:46:43.487 pid=10937 level=info ====
2026-06-29 09:46:43.487 [info] [scan] 待扫描股票数: 5304  目标日: 2026-06-29
2026-06-29 09:46:43.487 [info] [scan] 日志文件: /home/xiami007/workspace/ashare_git/feishu/ashare_morning_red-main-notify_feishu/data/logs/scan-20260629-094643.log
2026-06-29 09:46:43.936 [info] [scan] 进度 100/5304
2026-06-29 09:46:44.217 [info] [scan] 进度 200/5304
2026-06-29 09:46:44.476 [info] [scan] 进度 300/5304
2026-06-29 09:46:44.890 [info] [scan] 进度 400/5304
2026-06-29 09:46:45.244 [info] [scan] 进度 500/5304
2026-06-29 09:46:45.622 [info] [scan] 进度 600/5304
2026-06-29 09:46:45.975 [info] [scan] 进度 700/5304
2026-06-29 09:46:46.334 [info] [scan] 进度 800/5304
2026-06-29 09:46:46.684 [info] [scan] 进度 900/5304
2026-06-29 09:46:47.016 [info] [scan] 进度 1000/5304
2026-06-29 09:46:47.371 [info] [scan] 进度 1100/5304
2026-06-29 09:46:47.721 [info] [scan] 进度 1200/5304
2026-06-29 09:46:48.090 [info] [scan] 进度 1300/5304
2026-06-29 09:46:48.451 [info] [scan] 进度 1400/5304
2026-06-29 09:46:48.791 [info] [scan] 进度 1500/5304
2026-06-29 09:46:49.127 [info] [scan] 进度 1600/5304
2026-06-29 09:46:49.492 [info] [scan] 进度 1700/5304
2026-06-29 09:46:49.837 [info] [scan] 进度 1800/5304
2026-06-29 09:46:50.188 [info] [scan] 进度 1900/5304
2026-06-29 09:46:50.546 [info] [scan] 进度 2000/5304
2026-06-29 09:46:50.904 [info] [scan] 进度 2100/5304
2026-06-29 09:46:51.254 [info] [scan] 进度 2200/5304
2026-06-29 09:46:51.625 [info] [scan] 进度 2300/5304
2026-06-29 09:46:51.986 [info] [scan] 进度 2400/5304
2026-06-29 09:46:52.362 [info] [scan] 进度 2500/5304
2026-06-29 09:46:52.709 [info] [scan] 进度 2600/5304
2026-06-29 09:46:53.067 [info] [scan] 进度 2700/5304
2026-06-29 09:46:53.425 [info] [scan] 进度 2800/5304
2026-06-29 09:46:53.769 [info] [scan] 进度 2900/5304
2026-06-29 09:46:54.105 [info] [scan] 进度 3000/5304
2026-06-29 09:46:54.459 [info] [scan] 进度 3100/5304
2026-06-29 09:46:54.827 [info] [scan] 进度 3200/5304
2026-06-29 09:46:55.181 [info] [scan] 进度 3300/5304
2026-06-29 09:46:55.566 [info] [scan] 进度 3400/5304
2026-06-29 09:46:55.902 [info] [scan] 进度 3500/5304
2026-06-29 09:46:56.264 [info] [scan] 进度 3600/5304
2026-06-29 09:46:56.615 [info] [scan] 进度 3700/5304
2026-06-29 09:46:56.954 [info] [scan] 进度 3800/5304
2026-06-29 09:46:57.294 [info] [scan] 进度 3900/5304
2026-06-29 09:46:57.658 [info] [scan] 进度 4000/5304
2026-06-29 09:46:58.006 [info] [scan] 进度 4100/5304
2026-06-29 09:46:58.354 [info] [scan] 进度 4200/5304
2026-06-29 09:46:58.690 [info] [scan] 进度 4300/5304
2026-06-29 09:46:59.055 [info] [scan] 进度 4400/5304
2026-06-29 09:46:59.401 [info] [scan] 进度 4500/5304
2026-06-29 09:46:59.772 [info] [scan] 进度 4600/5304
2026-06-29 09:47:00.120 [info] [scan] 进度 4700/5304
2026-06-29 09:47:00.467 [info] [scan] 进度 4800/5304
2026-06-29 09:47:00.814 [info] [scan] 进度 4900/5304
2026-06-29 09:47:01.167 [info] [scan] 进度 5000/5304
2026-06-29 09:47:01.521 [info] [scan] 进度 5100/5304
2026-06-29 09:47:01.882 [info] [scan] 进度 5200/5304
2026-06-29 09:47:02.240 [info] [scan] 进度 5300/5304
2026-06-29 09:47:02.260 [info] [scan] 进度 5304/5304
2026-06-29 09:47:02.263 [info] [scan] 数据源: sina(ok=319 empty=0 err=0)  tencent(ok=4985 empty=1 err=0)  eastmoney(ok=0 empty=0 err=0)
2026-06-29 09:47:02.263 [info] [scan] 完成 elapsed=18.8s  hits=210  notAllRed=4932  lowGain=129  limitUp=20  noBars=0  noWindow=13  errors=0
2026-06-29 09:47:02.284 [info] [recovery] 扫描池 210 只  截止 0947  模式 live
2026-06-29 09:47:02.708 [info] [scan] 进度 100/210
2026-06-29 09:47:03.053 [info] [scan] 进度 200/210
2026-06-29 09:47:03.105 [info] [scan] 进度 210/210
2026-06-29 09:47:03.105 [info] [recovery] 完成 elapsed=0.8s  hits=0/210
2026-06-29 09:49:03.205 [info] [recovery] 扫描池 210 只  截止 0949  模式 live
2026-06-29 09:49:05.699 [info] [scan] 进度 100/210
2026-06-29 09:49:06.058 [info] [scan] 进度 200/210
2026-06-29 09:49:06.197 [info] [scan] 进度 210/210
2026-06-29 09:49:06.197 [info] [recovery] 完成 elapsed=3.0s  hits=0/210
2026-06-29 09:51:06.224 [info] [recovery] 扫描池 210 只  截止 0951  模式 live
2026-06-29 09:51:06.734 [info] [scan] 进度 100/210
2026-06-29 09:51:07.096 [info] [scan] 进度 200/210
2026-06-29 09:51:07.151 [info] [scan] 进度 210/210
2026-06-29 09:51:07.151 [info] [recovery] 完成 elapsed=0.9s  hits=1/210
2026-06-29 09:51:07.584 [info] [feishu] 已推送 63 字
2026-06-29 09:53:07.680 [info] [recovery] 扫描池 209 只  截止 0953  模式 live
2026-06-29 09:53:08.207 [info] [scan] 进度 100/209
2026-06-29 09:53:08.567 [info] [scan] 进度 200/209
2026-06-29 09:53:08.761 [info] [scan] 进度 209/209
2026-06-29 09:53:08.761 [info] [recovery] 完成 elapsed=1.1s  hits=3/209
2026-06-29 09:53:09.206 [info] [feishu] 已推送 63 字
2026-06-29 09:53:09.631 [info] [feishu] 已推送 63 字
2026-06-29 09:53:10.003 [info] [feishu] 已推送 64 字
2026-06-29 09:55:10.005 [info] [recovery] 扫描池 206 只  截止 0955  模式 live
2026-06-29 09:55:10.510 [info] [scan] 进度 100/206
2026-06-29 09:55:10.859 [info] [scan] 进度 200/206
2026-06-29 09:55:10.904 [info] [scan] 进度 206/206
2026-06-29 09:55:10.904 [info] [recovery] 完成 elapsed=0.9s  hits=1/206
2026-06-29 09:55:11.323 [info] [feishu] 已推送 63 字
2026-06-29 09:57:11.413 [info] [recovery] 扫描池 205 只  截止 0957  模式 live
2026-06-29 09:57:11.910 [info] [scan] 进度 100/205
2026-06-29 09:57:12.267 [info] [scan] 进度 200/205
2026-06-29 09:57:12.286 [info] [scan] 进度 205/205
2026-06-29 09:57:12.286 [info] [recovery] 完成 elapsed=0.9s  hits=4/205
2026-06-29 09:57:12.748 [info] [feishu] 已推送 64 字
2026-06-29 09:57:13.139 [info] [feishu] 已推送 63 字
2026-06-29 09:57:13.581 [info] [feishu] 已推送 62 字
2026-06-29 09:57:13.986 [info] [feishu] 已推送 64 字
2026-06-29 09:59:14.088 [info] [recovery] 扫描池 201 只  截止 0959  模式 live
2026-06-29 09:59:14.575 [info] [scan] 进度 100/201
2026-06-29 09:59:14.946 [info] [scan] 进度 200/201
2026-06-29 09:59:14.965 [info] [scan] 进度 201/201
2026-06-29 09:59:14.965 [info] [recovery] 完成 elapsed=0.9s  hits=0/201
2026-06-29 10:01:15.006 [info] [recovery] 扫描池 201 只  截止 1001  模式 live
2026-06-29 10:01:15.523 [info] [scan] 进度 100/201
2026-06-29 10:01:15.880 [info] [scan] 进度 200/201
2026-06-29 10:01:15.882 [info] [scan] 进度 201/201
2026-06-29 10:01:15.882 [info] [recovery] 完成 elapsed=0.9s  hits=1/201
2026-06-29 10:01:16.447 [info] [feishu] 已推送 64 字
2026-06-29 10:03:16.503 [info] [recovery] 扫描池 200 只  截止 1003  模式 live
2026-06-29 10:03:17.017 [info] [scan] 进度 100/200
2026-06-29 10:03:17.440 [info] [scan] 进度 200/200
2026-06-29 10:03:17.440 [info] [recovery] 完成 elapsed=0.9s  hits=4/200
2026-06-29 10:03:17.885 [info] [feishu] 已推送 66 字
2026-06-29 10:03:18.278 [info] [feishu] 已推送 63 字
2026-06-29 10:03:18.658 [info] [feishu] 已推送 63 字
2026-06-29 10:03:19.019 [info] [feishu] 已推送 65 字
2026-06-29 10:05:19.093 [info] [recovery] 扫描池 196 只  截止 1005  模式 live
2026-06-29 10:05:19.589 [info] [scan] 进度 100/196
2026-06-29 10:05:19.941 [info] [scan] 进度 196/196
2026-06-29 10:05:19.941 [info] [recovery] 完成 elapsed=0.8s  hits=1/196
2026-06-29 10:05:20.556 [info] [feishu] 已推送 66 字
2026-06-29 10:07:20.631 [info] [recovery] 扫描池 195 只  截止 1007  模式 live
2026-06-29 10:07:21.134 [info] [scan] 进度 100/195
2026-06-29 10:07:21.562 [info] [scan] 进度 195/195
2026-06-29 10:07:21.562 [info] [recovery] 完成 elapsed=0.9s  hits=0/195
2026-06-29 10:09:21.653 [info] [recovery] 扫描池 195 只  截止 1009  模式 live
2026-06-29 10:09:22.173 [info] [scan] 进度 100/195
2026-06-29 10:09:22.503 [info] [scan] 进度 195/195
2026-06-29 10:09:22.503 [info] [recovery] 完成 elapsed=0.8s  hits=1/195
2026-06-29 10:09:22.916 [info] [feishu] 已推送 63 字
2026-06-29 10:11:22.997 [info] [recovery] 扫描池 194 只  截止 1011  模式 live
2026-06-29 10:11:25.513 [info] [scan] 进度 100/194
2026-06-29 10:11:25.965 [info] [scan] 进度 194/194
2026-06-29 10:11:25.965 [info] [recovery] 完成 elapsed=3.0s  hits=0/194
2026-06-29 10:13:26.006 [info] [recovery] 扫描池 194 只  截止 1013  模式 live
2026-06-29 10:13:26.521 [info] [scan] 进度 100/194
2026-06-29 10:13:26.940 [info] [scan] 进度 194/194
2026-06-29 10:13:26.941 [info] [recovery] 完成 elapsed=0.9s  hits=0/194
2026-06-29 10:15:27.029 [info] [recovery] 扫描池 194 只  截止 1015  模式 live
2026-06-29 10:15:27.525 [info] [scan] 进度 100/194
2026-06-29 10:15:27.854 [info] [scan] 进度 194/194
2026-06-29 10:15:27.855 [info] [recovery] 完成 elapsed=0.8s  hits=0/194
2026-06-29 10:17:27.929 [info] [recovery] 扫描池 194 只  截止 1017  模式 live
2026-06-29 10:17:28.440 [info] [scan] 进度 100/194
2026-06-29 10:17:28.846 [info] [scan] 进度 194/194
2026-06-29 10:17:28.846 [info] [recovery] 完成 elapsed=0.9s  hits=0/194
2026-06-29 10:19:28.947 [info] [recovery] 扫描池 194 只  截止 1019  模式 live
2026-06-29 10:19:29.446 [info] [scan] 进度 100/194
2026-06-29 10:19:29.780 [info] [scan] 进度 194/194
2026-06-29 10:19:29.780 [info] [recovery] 完成 elapsed=0.8s  hits=0/194
2026-06-29 10:21:29.852 [info] [recovery] 扫描池 194 只  截止 1021  模式 live
2026-06-29 10:21:30.450 [info] [scan] 进度 100/194
2026-06-29 10:21:30.813 [info] [scan] 进度 194/194
2026-06-29 10:21:30.814 [info] [recovery] 完成 elapsed=1.0s  hits=0/194
2026-06-29 10:23:30.895 [info] [recovery] 扫描池 194 只  截止 1023  模式 live
2026-06-29 10:23:31.436 [info] [scan] 进度 100/194
2026-06-29 10:23:31.771 [info] [scan] 进度 194/194
2026-06-29 10:23:31.771 [info] [recovery] 完成 elapsed=0.9s  hits=0/194
2026-06-29 10:25:31.853 [info] [recovery] 扫描池 194 只  截止 1025  模式 live
2026-06-29 10:25:32.360 [info] [scan] 进度 100/194
2026-06-29 10:25:32.701 [info] [scan] 进度 194/194
2026-06-29 10:25:32.701 [info] [recovery] 完成 elapsed=0.8s  hits=0/194
2026-06-29 10:27:32.767 [info] [recovery] 扫描池 194 只  截止 1027  模式 live
2026-06-29 10:27:33.355 [info] [scan] 进度 100/194
2026-06-29 10:27:35.199 [info] [scan] 进度 194/194
2026-06-29 10:27:35.200 [info] [recovery] 完成 elapsed=2.4s  hits=0/194
2026-06-29 10:29:35.271 [info] [recovery] 扫描池 194 只  截止 1029  模式 live
2026-06-29 10:29:35.768 [info] [scan] 进度 100/194
2026-06-29 10:29:36.185 [info] [scan] 进度 194/194
2026-06-29 10:29:36.186 [info] [recovery] 完成 elapsed=0.9s  hits=0/194
2026-06-29 10:31:36.245 [info] [recovery] 扫描池 194 只  截止 1030  模式 live
2026-06-29 10:31:36.744 [info] [scan] 进度 100/194
2026-06-29 10:31:37.076 [info] [scan] 进度 194/194
2026-06-29 10:31:37.076 [info] [recovery] 完成 elapsed=0.8s  hits=0/194
2026-06-29 10:31:37.597 [info] [feishu] 已推送 1639 字
