
==== scan start 2026-06-29 09:16:11.339 pid=8265 level=info ====
2026-06-29 09:16:11.339 [info] [scan] 待扫描股票数: 5304  目标日: 2026-06-26
2026-06-29 09:16:11.339 [info] [scan] 日志文件: /home/xiami007/workspace/ashare_git/feishu/ashare_morning_red-main-notify_feishu/data/logs/scan-20260629-091611.log
2026-06-29 09:16:11.897 [warn] [fetch] 920072 ALL_SOURCES_FAILED market=bj
2026-06-29 09:16:11.948 [info] [scan] 进度 100/5304
2026-06-29 09:16:12.233 [info] [scan] 进度 200/5304
2026-06-29 09:16:12.497 [info] [scan] 进度 300/5304
2026-06-29 09:16:13.002 [info] [scan] 进度 400/5304
2026-06-29 09:16:13.351 [info] [scan] 进度 500/5304
2026-06-29 09:16:13.696 [info] [scan] 进度 600/5304
2026-06-29 09:16:14.039 [info] [scan] 进度 700/5304
2026-06-29 09:16:14.368 [info] [scan] 进度 800/5304
2026-06-29 09:16:14.729 [info] [scan] 进度 900/5304
2026-06-29 09:16:15.062 [info] [scan] 进度 1000/5304
2026-06-29 09:16:15.390 [info] [scan] 进度 1100/5304
2026-06-29 09:16:15.743 [info] [scan] 进度 1200/5304
2026-06-29 09:16:16.080 [info] [scan] 进度 1300/5304
2026-06-29 09:16:16.425 [info] [scan] 进度 1400/5304
2026-06-29 09:16:16.780 [info] [scan] 进度 1500/5304
2026-06-29 09:16:17.118 [info] [scan] 进度 1600/5304
2026-06-29 09:16:17.458 [info] [scan] 进度 1700/5304
2026-06-29 09:16:17.800 [info] [scan] 进度 1800/5304
2026-06-29 09:16:18.135 [info] [scan] 进度 1900/5304
2026-06-29 09:16:18.486 [info] [scan] 进度 2000/5304
2026-06-29 09:16:18.837 [info] [scan] 进度 2100/5304
2026-06-29 09:16:19.180 [info] [scan] 进度 2200/5304
2026-06-29 09:16:19.529 [info] [scan] 进度 2300/5304
2026-06-29 09:16:19.858 [info] [scan] 进度 2400/5304
2026-06-29 09:16:20.203 [info] [scan] 进度 2500/5304
2026-06-29 09:16:20.544 [info] [scan] 进度 2600/5304
2026-06-29 09:16:20.878 [info] [scan] 进度 2700/5304
2026-06-29 09:16:21.217 [info] [scan] 进度 2800/5304
2026-06-29 09:16:21.563 [info] [scan] 进度 2900/5304
2026-06-29 09:16:21.887 [info] [scan] 进度 3000/5304
2026-06-29 09:16:22.233 [info] [scan] 进度 3100/5304
2026-06-29 09:16:22.584 [info] [scan] 进度 3200/5304
2026-06-29 09:16:22.940 [info] [scan] 进度 3300/5304
2026-06-29 09:16:23.297 [info] [scan] 进度 3400/5304
2026-06-29 09:16:23.650 [info] [scan] 进度 3500/5304
2026-06-29 09:16:23.991 [info] [scan] 进度 3600/5304
2026-06-29 09:16:24.346 [info] [scan] 进度 3700/5304
2026-06-29 09:16:24.693 [info] [scan] 进度 3800/5304
2026-06-29 09:16:25.016 [info] [scan] 进度 3900/5304
2026-06-29 09:16:25.372 [info] [scan] 进度 4000/5304
2026-06-29 09:16:25.711 [info] [scan] 进度 4100/5304
2026-06-29 09:16:26.038 [info] [scan] 进度 4200/5304
2026-06-29 09:16:26.381 [info] [scan] 进度 4300/5304
2026-06-29 09:16:26.722 [info] [scan] 进度 4400/5304
2026-06-29 09:16:27.051 [info] [scan] 进度 4500/5304
2026-06-29 09:16:27.377 [info] [scan] 进度 4600/5304
2026-06-29 09:16:27.725 [info] [scan] 进度 4700/5304
2026-06-29 09:16:28.073 [info] [scan] 进度 4800/5304
2026-06-29 09:16:28.413 [info] [scan] 进度 4900/5304
2026-06-29 09:16:28.743 [info] [scan] 进度 5000/5304
2026-06-29 09:16:29.086 [info] [scan] 进度 5100/5304
2026-06-29 09:16:29.414 [info] [scan] 进度 5200/5304
2026-06-29 09:16:29.759 [info] [scan] 进度 5300/5304
2026-06-29 09:16:29.903 [info] [scan] 进度 5304/5304
2026-06-29 09:16:29.905 [info] [scan] 数据源: sina(ok=319 empty=1 err=0)  tencent(ok=4984 empty=2 err=0)  eastmoney(ok=0 empty=1 err=0)
2026-06-29 09:16:29.905 [info] [scan] 完成 elapsed=18.6s  hits=135  notAllRed=5066  lowGain=77  limitUp=16  noBars=1  noWindow=9  errors=0
2026-06-29 09:16:29.923 [info] [recovery] 扫描池 135 只  截止 1030  模式 backtest
2026-06-29 09:16:30.378 [info] [scan] 进度 100/135
2026-06-29 09:16:32.367 [info] [scan] 进度 135/135
2026-06-29 09:16:32.367 [info] [recovery] 完成 elapsed=2.4s  hits=20/135
