
==== scan start 2026-06-29 09:25:25.305 pid=9557 level=info ====
2026-06-29 09:25:25.305 [info] [scan] 待扫描股票数: 5304  目标日: 2026-06-26
2026-06-29 09:25:25.305 [info] [scan] 日志文件: /home/xiami007/workspace/ashare_git/feishu/ashare_morning_red-main-notify_feishu/data/logs/scan-20260629-092525.log
2026-06-29 09:25:25.805 [info] [scan] 进度 100/5304
2026-06-29 09:25:26.073 [info] [scan] 进度 200/5304
2026-06-29 09:25:26.364 [info] [scan] 进度 300/5304
2026-06-29 09:25:26.772 [info] [scan] 进度 400/5304
2026-06-29 09:25:27.124 [info] [scan] 进度 500/5304
2026-06-29 09:25:27.476 [info] [scan] 进度 600/5304
2026-06-29 09:25:27.822 [info] [scan] 进度 700/5304
2026-06-29 09:25:28.181 [info] [scan] 进度 800/5304
2026-06-29 09:25:28.535 [info] [scan] 进度 900/5304
2026-06-29 09:25:28.873 [info] [scan] 进度 1000/5304
2026-06-29 09:25:29.226 [info] [scan] 进度 1100/5304
2026-06-29 09:25:29.563 [info] [scan] 进度 1200/5304
2026-06-29 09:25:29.925 [info] [scan] 进度 1300/5304
2026-06-29 09:25:30.257 [info] [scan] 进度 1400/5304
2026-06-29 09:25:30.605 [info] [scan] 进度 1500/5304
2026-06-29 09:25:30.951 [info] [scan] 进度 1600/5304
2026-06-29 09:25:31.287 [info] [scan] 进度 1700/5304
2026-06-29 09:25:31.669 [info] [scan] 进度 1800/5304
2026-06-29 09:25:32.001 [info] [scan] 进度 1900/5304
2026-06-29 09:25:32.359 [info] [scan] 进度 2000/5304
2026-06-29 09:25:32.710 [info] [scan] 进度 2100/5304
2026-06-29 09:25:33.063 [info] [scan] 进度 2200/5304
2026-06-29 09:25:33.412 [info] [scan] 进度 2300/5304
2026-06-29 09:25:33.761 [info] [scan] 进度 2400/5304
2026-06-29 09:25:34.140 [info] [scan] 进度 2500/5304
2026-06-29 09:25:34.491 [info] [scan] 进度 2600/5304
2026-06-29 09:25:34.844 [info] [scan] 进度 2700/5304
2026-06-29 09:25:35.201 [info] [scan] 进度 2800/5304
2026-06-29 09:25:35.562 [info] [scan] 进度 2900/5304
2026-06-29 09:25:35.912 [info] [scan] 进度 3000/5304
2026-06-29 09:25:36.263 [info] [scan] 进度 3100/5304
2026-06-29 09:25:36.635 [info] [scan] 进度 3200/5304
2026-06-29 09:25:37.009 [info] [scan] 进度 3300/5304
2026-06-29 09:25:37.374 [info] [scan] 进度 3400/5304
2026-06-29 09:25:37.743 [info] [scan] 进度 3500/5304
2026-06-29 09:25:38.110 [info] [scan] 进度 3600/5304
2026-06-29 09:25:38.473 [info] [scan] 进度 3700/5304
2026-06-29 09:25:38.826 [info] [scan] 进度 3800/5304
2026-06-29 09:25:39.199 [info] [scan] 进度 3900/5304
2026-06-29 09:25:39.552 [info] [scan] 进度 4000/5304
2026-06-29 09:25:39.916 [info] [scan] 进度 4100/5304
2026-06-29 09:25:40.262 [info] [scan] 进度 4200/5304
2026-06-29 09:25:40.638 [info] [scan] 进度 4300/5304
2026-06-29 09:25:40.992 [info] [scan] 进度 4400/5304
2026-06-29 09:25:41.366 [info] [scan] 进度 4500/5304
2026-06-29 09:25:41.727 [info] [scan] 进度 4600/5304
2026-06-29 09:25:42.094 [info] [scan] 进度 4700/5304
2026-06-29 09:25:42.462 [info] [scan] 进度 4800/5304
2026-06-29 09:25:42.820 [info] [scan] 进度 4900/5304
2026-06-29 09:25:43.113 [warn] [fetch] 688329 tencent FAIL ECONNRESET aborted
2026-06-29 09:25:43.190 [info] [scan] 进度 5000/5304
2026-06-29 09:25:43.548 [info] [scan] 进度 5100/5304
2026-06-29 09:25:43.907 [info] [scan] 进度 5200/5304
2026-06-29 09:25:44.275 [info] [scan] 进度 5300/5304
2026-06-29 09:25:45.401 [info] [scan] 进度 5304/5304
2026-06-29 09:25:45.403 [info] [scan] 数据源: sina(ok=320 empty=0 err=0)  tencent(ok=4984 empty=1 err=1)  eastmoney(ok=0 empty=0 err=0)
2026-06-29 09:25:45.403 [info] [scan] 完成 elapsed=20.1s  hits=135  notAllRed=5066  lowGain=77  limitUp=16  noBars=0  noWindow=10  errors=0
2026-06-29 09:25:45.416 [info] [recovery] 扫描池 135 只  截止 0946  模式 live
2026-06-29 09:25:45.839 [info] [scan] 进度 100/135
2026-06-29 09:25:45.980 [info] [scan] 进度 135/135
2026-06-29 09:25:45.980 [info] [recovery] 完成 elapsed=0.6s  hits=0/135
2026-06-29 09:25:45.981 [info] [recovery] 扫描池 135 只  截止 0948  模式 live
2026-06-29 09:25:46.386 [info] [scan] 进度 100/135
2026-06-29 09:25:46.510 [info] [scan] 进度 135/135
2026-06-29 09:25:46.510 [info] [recovery] 完成 elapsed=0.5s  hits=0/135
2026-06-29 09:25:46.510 [info] [recovery] 扫描池 135 只  截止 0950  模式 live
2026-06-29 09:25:46.893 [info] [scan] 进度 100/135
2026-06-29 09:25:47.023 [info] [scan] 进度 135/135
2026-06-29 09:25:47.023 [info] [recovery] 完成 elapsed=0.5s  hits=0/135
2026-06-29 09:25:47.024 [info] [recovery] 扫描池 135 只  截止 0952  模式 live
2026-06-29 09:25:47.419 [info] [scan] 进度 100/135
2026-06-29 09:25:47.534 [info] [scan] 进度 135/135
2026-06-29 09:25:47.534 [info] [recovery] 完成 elapsed=0.5s  hits=0/135
2026-06-29 09:25:47.534 [info] [recovery] 扫描池 135 只  截止 0954  模式 live
2026-06-29 09:25:47.917 [info] [scan] 进度 100/135
2026-06-29 09:25:48.039 [info] [scan] 进度 135/135
2026-06-29 09:25:48.039 [info] [recovery] 完成 elapsed=0.5s  hits=2/135
2026-06-29 09:25:48.434 [info] [feishu] 已推送 65 字
2026-06-29 09:25:48.773 [info] [feishu] 已推送 65 字
2026-06-29 09:25:48.773 [info] [recovery] 扫描池 133 只  截止 0956  模式 live
2026-06-29 09:25:49.185 [info] [scan] 进度 100/133
2026-06-29 09:25:49.421 [info] [scan] 进度 133/133
2026-06-29 09:25:49.422 [info] [recovery] 完成 elapsed=0.6s  hits=0/133
2026-06-29 09:25:49.422 [info] [recovery] 扫描池 133 只  截止 0958  模式 live
2026-06-29 09:25:49.825 [info] [scan] 进度 100/133
2026-06-29 09:25:50.112 [info] [scan] 进度 133/133
2026-06-29 09:25:50.112 [info] [recovery] 完成 elapsed=0.7s  hits=1/133
2026-06-29 09:25:50.502 [info] [feishu] 已推送 65 字
2026-06-29 09:25:50.502 [info] [recovery] 扫描池 132 只  截止 1000  模式 live
2026-06-29 09:25:50.907 [info] [scan] 进度 100/132
2026-06-29 09:25:51.016 [info] [scan] 进度 132/132
2026-06-29 09:25:51.016 [info] [recovery] 完成 elapsed=0.5s  hits=6/132
2026-06-29 09:25:51.356 [info] [feishu] 已推送 64 字
2026-06-29 09:25:51.735 [info] [feishu] 已推送 65 字
2026-06-29 09:25:52.064 [info] [feishu] 已推送 66 字
2026-06-29 09:25:52.444 [info] [feishu] 已推送 62 字
2026-06-29 09:25:52.799 [info] [feishu] 已推送 66 字
2026-06-29 09:25:53.173 [info] [feishu] 已推送 64 字
2026-06-29 09:25:53.174 [info] [recovery] 扫描池 126 只  截止 1002  模式 live
2026-06-29 09:25:53.587 [info] [scan] 进度 100/126
2026-06-29 09:25:53.666 [info] [scan] 进度 126/126
2026-06-29 09:25:53.666 [info] [recovery] 完成 elapsed=0.5s  hits=3/126
2026-06-29 09:25:54.028 [info] [feishu] 已推送 64 字
2026-06-29 09:25:54.334 [info] [feishu] 已推送 63 字
2026-06-29 09:25:54.792 [info] [feishu] 已推送 64 字
2026-06-29 09:25:54.792 [info] [recovery] 扫描池 123 只  截止 1004  模式 live
2026-06-29 09:25:55.202 [info] [scan] 进度 100/123
2026-06-29 09:25:55.265 [info] [scan] 进度 123/123
2026-06-29 09:25:55.265 [info] [recovery] 完成 elapsed=0.5s  hits=1/123
2026-06-29 09:25:55.605 [info] [feishu] 已推送 63 字
2026-06-29 09:25:55.605 [info] [recovery] 扫描池 122 只  截止 1006  模式 live
2026-06-29 09:25:55.995 [info] [scan] 进度 100/122
2026-06-29 09:25:56.072 [info] [scan] 进度 122/122
2026-06-29 09:25:56.072 [info] [recovery] 完成 elapsed=0.5s  hits=4/122
2026-06-29 09:25:56.407 [info] [feishu] 已推送 65 字
2026-06-29 09:25:56.782 [info] [feishu] 已推送 64 字
2026-06-29 09:25:57.170 [info] [feishu] 已推送 66 字
2026-06-29 09:25:57.495 [info] [feishu] 已推送 65 字
2026-06-29 09:25:57.495 [info] [recovery] 扫描池 118 只  截止 1008  模式 live
2026-06-29 09:25:57.909 [info] [scan] 进度 100/118
2026-06-29 09:25:58.055 [info] [scan] 进度 118/118
2026-06-29 09:25:58.055 [info] [recovery] 完成 elapsed=0.6s  hits=1/118
2026-06-29 09:25:58.667 [info] [feishu] 已推送 62 字
2026-06-29 09:25:58.667 [info] [recovery] 扫描池 117 只  截止 1010  模式 live
2026-06-29 09:25:59.087 [info] [scan] 进度 100/117
2026-06-29 09:25:59.213 [info] [scan] 进度 117/117
2026-06-29 09:25:59.213 [info] [recovery] 完成 elapsed=0.5s  hits=2/117
2026-06-29 09:25:59.600 [info] [feishu] 已推送 64 字
2026-06-29 09:25:59.967 [info] [feishu] 已推送 67 字
2026-06-29 09:25:59.967 [info] [recovery] 扫描池 115 只  截止 1012  模式 live
2026-06-29 09:26:00.367 [info] [scan] 进度 100/115
2026-06-29 09:26:00.437 [info] [scan] 进度 115/115
2026-06-29 09:26:00.437 [info] [recovery] 完成 elapsed=0.5s  hits=0/115
2026-06-29 09:26:00.437 [info] [recovery] 扫描池 115 只  截止 1014  模式 live
2026-06-29 09:26:00.823 [info] [scan] 进度 100/115
2026-06-29 09:26:00.870 [info] [scan] 进度 115/115
2026-06-29 09:26:00.870 [info] [recovery] 完成 elapsed=0.4s  hits=0/115
2026-06-29 09:26:00.870 [info] [recovery] 扫描池 115 只  截止 1016  模式 live
2026-06-29 09:26:01.269 [info] [scan] 进度 100/115
2026-06-29 09:26:01.403 [info] [scan] 进度 115/115
2026-06-29 09:26:01.403 [info] [recovery] 完成 elapsed=0.5s  hits=0/115
2026-06-29 09:26:01.403 [info] [recovery] 扫描池 115 只  截止 1018  模式 live
2026-06-29 09:26:01.810 [info] [scan] 进度 100/115
2026-06-29 09:26:01.853 [info] [scan] 进度 115/115
2026-06-29 09:26:01.853 [info] [recovery] 完成 elapsed=0.5s  hits=0/115
2026-06-29 09:26:01.853 [info] [recovery] 扫描池 115 只  截止 1020  模式 live
2026-06-29 09:26:02.244 [info] [scan] 进度 100/115
2026-06-29 09:26:02.279 [info] [scan] 进度 115/115
2026-06-29 09:26:02.279 [info] [recovery] 完成 elapsed=0.4s  hits=0/115
2026-06-29 09:26:02.279 [info] [recovery] 扫描池 115 只  截止 1022  模式 live
2026-06-29 09:26:02.673 [info] [scan] 进度 100/115
2026-06-29 09:26:02.843 [info] [scan] 进度 115/115
2026-06-29 09:26:02.843 [info] [recovery] 完成 elapsed=0.6s  hits=0/115
2026-06-29 09:26:02.843 [info] [recovery] 扫描池 115 只  截止 1024  模式 live
2026-06-29 09:26:03.252 [info] [scan] 进度 100/115
2026-06-29 09:26:03.278 [info] [scan] 进度 115/115
2026-06-29 09:26:03.278 [info] [recovery] 完成 elapsed=0.4s  hits=0/115
2026-06-29 09:26:03.278 [info] [recovery] 扫描池 115 只  截止 1026  模式 live
2026-06-29 09:26:03.671 [info] [scan] 进度 100/115
2026-06-29 09:26:03.734 [info] [scan] 进度 115/115
2026-06-29 09:26:03.734 [info] [recovery] 完成 elapsed=0.5s  hits=0/115
2026-06-29 09:26:03.734 [info] [recovery] 扫描池 115 只  截止 1028  模式 live
2026-06-29 09:26:04.134 [info] [scan] 进度 100/115
2026-06-29 09:26:04.203 [info] [scan] 进度 115/115
2026-06-29 09:26:04.203 [info] [recovery] 完成 elapsed=0.5s  hits=0/115
2026-06-29 09:26:04.203 [info] [recovery] 扫描池 115 只  截止 1030  模式 live
2026-06-29 09:26:04.601 [info] [scan] 进度 100/115
2026-06-29 09:26:04.659 [info] [scan] 进度 115/115
2026-06-29 09:26:04.659 [info] [recovery] 完成 elapsed=0.5s  hits=0/115
2026-06-29 09:26:05.059 [info] [feishu] 已推送 2247 字
